mode: set
gitlab.com/GeorgeRaven/authentik-manager/operator/controllers/akblueprint_controller.go:43.103,47.14 3 0
gitlab.com/GeorgeRaven/authentik-manager/operator/controllers/akblueprint_controller.go:47.14,49.3 1 0
gitlab.com/GeorgeRaven/authentik-manager/operator/controllers/akblueprint_controller.go:50.2,51.14 2 0
gitlab.com/GeorgeRaven/authentik-manager/operator/controllers/akblueprint_controller.go:51.14,53.3 1 0
gitlab.com/GeorgeRaven/authentik-manager/operator/controllers/akblueprint_controller.go:56.2,59.16 3 0
gitlab.com/GeorgeRaven/authentik-manager/operator/controllers/akblueprint_controller.go:59.16,60.29 1 0
gitlab.com/GeorgeRaven/authentik-manager/operator/controllers/akblueprint_controller.go:60.29,66.4 2 0
gitlab.com/GeorgeRaven/authentik-manager/operator/controllers/akblueprint_controller.go:68.3,69.28 2 0
gitlab.com/GeorgeRaven/authentik-manager/operator/controllers/akblueprint_controller.go:72.2,74.16 3 0
gitlab.com/GeorgeRaven/authentik-manager/operator/controllers/akblueprint_controller.go:74.16,76.3 1 0
gitlab.com/GeorgeRaven/authentik-manager/operator/controllers/akblueprint_controller.go:79.2,83.42 4 0
gitlab.com/GeorgeRaven/authentik-manager/operator/controllers/akblueprint_controller.go:83.42,87.17 3 0
gitlab.com/GeorgeRaven/authentik-manager/operator/controllers/akblueprint_controller.go:87.17,90.4 2 0
gitlab.com/GeorgeRaven/authentik-manager/operator/controllers/akblueprint_controller.go:91.3,91.41 1 0
gitlab.com/GeorgeRaven/authentik-manager/operator/controllers/akblueprint_controller.go:92.8,92.23 1 0
gitlab.com/GeorgeRaven/authentik-manager/operator/controllers/akblueprint_controller.go:92.23,96.3 2 0
gitlab.com/GeorgeRaven/authentik-manager/operator/controllers/akblueprint_controller.go:97.2,101.16 3 0
gitlab.com/GeorgeRaven/authentik-manager/operator/controllers/akblueprint_controller.go:101.16,105.3 2 0
gitlab.com/GeorgeRaven/authentik-manager/operator/controllers/akblueprint_controller.go:108.2,117.42 5 0
gitlab.com/GeorgeRaven/authentik-manager/operator/controllers/akblueprint_controller.go:117.42,121.3 2 0
gitlab.com/GeorgeRaven/authentik-manager/operator/controllers/akblueprint_controller.go:121.8,121.23 1 0
gitlab.com/GeorgeRaven/authentik-manager/operator/controllers/akblueprint_controller.go:121.23,125.3 2 0
gitlab.com/GeorgeRaven/authentik-manager/operator/controllers/akblueprint_controller.go:126.2,138.53 7 0
gitlab.com/GeorgeRaven/authentik-manager/operator/controllers/akblueprint_controller.go:138.53,139.30 1 0
gitlab.com/GeorgeRaven/authentik-manager/operator/controllers/akblueprint_controller.go:139.30,143.4 3 0
gitlab.com/GeorgeRaven/authentik-manager/operator/controllers/akblueprint_controller.go:145.2,145.25 1 0
gitlab.com/GeorgeRaven/authentik-manager/operator/controllers/akblueprint_controller.go:145.25,148.3 2 0
gitlab.com/GeorgeRaven/authentik-manager/operator/controllers/akblueprint_controller.go:151.2,153.57 3 0
gitlab.com/GeorgeRaven/authentik-manager/operator/controllers/akblueprint_controller.go:153.57,154.43 1 0
gitlab.com/GeorgeRaven/authentik-manager/operator/controllers/akblueprint_controller.go:154.43,155.36 1 0
gitlab.com/GeorgeRaven/authentik-manager/operator/controllers/akblueprint_controller.go:155.36,159.5 3 0
gitlab.com/GeorgeRaven/authentik-manager/operator/controllers/akblueprint_controller.go:161.3,161.28 1 0
gitlab.com/GeorgeRaven/authentik-manager/operator/controllers/akblueprint_controller.go:161.28,164.4 2 0
gitlab.com/GeorgeRaven/authentik-manager/operator/controllers/akblueprint_controller.go:169.2,170.16 2 0
gitlab.com/GeorgeRaven/authentik-manager/operator/controllers/akblueprint_controller.go:170.16,174.3 2 0
gitlab.com/GeorgeRaven/authentik-manager/operator/controllers/akblueprint_controller.go:176.2,176.27 1 0
gitlab.com/GeorgeRaven/authentik-manager/operator/controllers/akblueprint_controller.go:180.105,187.2 2 0
gitlab.com/GeorgeRaven/authentik-manager/operator/controllers/akblueprint_controller.go:190.99,209.2 5 0
gitlab.com/GeorgeRaven/authentik-manager/operator/controllers/akblueprint_controller.go:212.140,236.2 8 0
gitlab.com/GeorgeRaven/authentik-manager/operator/controllers/akblueprint_controller.go:239.74,243.2 1 0
